-------------------------------------------
Batch: 0
-------------------------------------------
+--------------------+-----+
|            customer|score|
+--------------------+-----+
|Frank.Phillips@te...|-10.0|
|Danny.Jefferson@t...| 17.0|
|David.Davis@test.com|-11.0|
|Bobby.Howard@test...|  4.5|
|Eric.Spencer@test...|-22.5|
|Spencer.Jones@tes...| -3.0|
|Jerry.Staples@tes...| -2.5|
|John.Howard@test.com| -1.0|
|Angie.Habschied@t...| -1.5|
|Ashley.Gonzalez@t...| -3.0|
|Christina.Khatib@...| -2.5|
|Jerry.Olson@test.com| -4.5|
|Danny.Staples@tes...|  1.0|
|Jane.Sanchez@test...| 20.5|
|Craig.Jones@test.com| -8.0|
|Jerry.Smith@test.com|-11.0|
|Bobby.Habschied@t...|-21.5|
|Jacob.Staples@tes...|  9.0|
|Neeraj.Huey@test.com|-42.0|
|Sarah.Anderson@te...| 20.0|
+--------------------+-----+
only showing top 20 rows

-------------------------------------------
Batch: 1
-------------------------------------------
+--------------------+-----+
|            customer|score|
+--------------------+-----+
|  Dan.Olson@test.com|-25.5|
|Trevor.Mitra@test...| 25.0|
|Spencer.Phillips@...| -3.0|
+--------------------+-----+

-------------------------------------------
Batch: 2
-------------------------------------------
+--------------------+-----+
|            customer|score|
+--------------------+-----+
|Ashley.Aristotle@...| -1.5|
+--------------------+-----+

-------------------------------------------
Batch: 3
-------------------------------------------
+-------------------+-----+
|           customer|score|
+-------------------+-----+
|Jane.Olson@test.com| -1.0|
+-------------------+-----+

-------------------------------------------
Batch: 4
-------------------------------------------
+--------------------+-----+
|            customer|score|
+--------------------+-----+
|Sarah.Doshi@test.com| -1.5|
+--------------------+-----+

-------------------------------------------
Batch: 5
-------------------------------------------
+--------------------+-----+
|            customer|score|
+--------------------+-----+
|Larry.Smith@test.com| -2.5|
+--------------------+-----+

-------------------------------------------
Batch: 6
-------------------------------------------
+--------------------+-----+
|            customer|score|
+--------------------+-----+
|Angie.Jones@test.com| -4.0|
+--------------------+-----+

-------------------------------------------
Batch: 7
-------------------------------------------
+--------------------+-----+
|            customer|score|
+--------------------+-----+
|Frank.Harris@test...| -1.5|
+--------------------+-----+

-------------------------------------------
Batch: 8
-------------------------------------------
+--------------------+-----+
|            customer|score|
+--------------------+-----+
|Travis.Abram@test...| -4.0|
+--------------------+-----+

-------------------------------------------
Batch: 9
-------------------------------------------
+--------------------+-----+
|            customer|score|
+--------------------+-----+
|Danny.Aristotle@t...| -4.0|
+--------------------+-----+

-------------------------------------------
Batch: 10
-------------------------------------------
+-------------------+-----+
|           customer|score|
+-------------------+-----+
|Larry.Huey@test.com| -1.5|
+-------------------+-----+

-------------------------------------------
Batch: 11
-------------------------------------------
+--------------------+-----+
|            customer|score|
+--------------------+-----+
|Eric.Clayton@test...| -3.5|
+--------------------+-----+

-------------------------------------------
Batch: 12
-------------------------------------------
+--------------------+-----+
|            customer|score|
+--------------------+-----+
|Craig.Phillips@te...|-15.5|
+--------------------+-----+

-------------------------------------------
Batch: 13
-------------------------------------------
+--------------------+-----+
|            customer|score|
+--------------------+-----+
|David.Aristotle@t...| 14.0|
+--------------------+-----+

-------------------------------------------
Batch: 14
-------------------------------------------
+--------------------+-----+
|            customer|score|
+--------------------+-----+
|Jane.Aristotle@te...|  6.0|
+--------------------+-----+

-------------------------------------------
Batch: 15
-------------------------------------------
+--------------------+-----+
|            customer|score|
+--------------------+-----+
|Bobby.Mitra@test.com| 40.0|
+--------------------+-----+

-------------------------------------------
Batch: 16
-------------------------------------------
+--------------------+-----+
|            customer|score|
+--------------------+-----+
|Bobby.Khatib@test...|-24.5|
+--------------------+-----+

-------------------------------------------
Batch: 17
-------------------------------------------
+--------------------+-----+
|            customer|score|
+--------------------+-----+
|Jacob.Doshi@test.com|  7.0|
+--------------------+-----+

-------------------------------------------
Batch: 18
-------------------------------------------
+--------------------+-----+
|            customer|score|
+--------------------+-----+
|Danny.Jones@test.com|-16.0|
+--------------------+-----+

-------------------------------------------
Batch: 19
-------------------------------------------
+--------------------+-----+
|            customer|score|
+--------------------+-----+
|Lyn.Sanchez@test.com| -3.0|
+--------------------+-----+

-------------------------------------------
Batch: 20
-------------------------------------------
+--------------------+-----+
|            customer|score|
+--------------------+-----+
|Christina.Fibonna...|-13.5|
+--------------------+-----+

-------------------------------------------
Batch: 21
-------------------------------------------
+--------------------+-----+
|            customer|score|
+--------------------+-----+
|Trevor.Harris@tes...| 21.5|
+--------------------+-----+

-------------------------------------------
Batch: 22
-------------------------------------------
+--------------------+-----+
|            customer|score|
+--------------------+-----+
|Angie.Fibonnaci@t...| 15.0|
+--------------------+-----+

-------------------------------------------
Batch: 23
-------------------------------------------
+--------------------+-----+
|            customer|score|
+--------------------+-----+
|Spencer.Aristotle...|  7.0|
+--------------------+-----+

-------------------------------------------
Batch: 24
-------------------------------------------
+------------------+-----+
|          customer|score|
+------------------+-----+
|Dan.Olson@test.com| -9.5|
+------------------+-----+

-------------------------------------------
Batch: 25
-------------------------------------------
+--------------------+-----+
|            customer|score|
+--------------------+-----+
|Trevor.Mitra@test...| -9.0|
+--------------------+-----+

-------------------------------------------
Batch: 26
-------------------------------------------
+--------------------+-----+
|            customer|score|
+--------------------+-----+
|Spencer.Phillips@...| -1.5|
+--------------------+-----+

-------------------------------------------
Batch: 27
-------------------------------------------
+--------------------+-----+
|            customer|score|
+--------------------+-----+
|Ashley.Aristotle@...| -0.5|
+--------------------+-----+

-------------------------------------------
Batch: 28
-------------------------------------------
+-------------------+-----+
|           customer|score|
+-------------------+-----+
|Jane.Olson@test.com|  0.0|
+-------------------+-----+

-------------------------------------------
Batch: 29
-------------------------------------------
+--------------------+-----+
|            customer|score|
+--------------------+-----+
|Sarah.Doshi@test.com| -3.5|
+--------------------+-----+

-------------------------------------------
Batch: 30
-------------------------------------------
+--------------------+-----+
|            customer|score|
+--------------------+-----+
|Larry.Smith@test.com| -2.0|
+--------------------+-----+

-------------------------------------------
Batch: 31
-------------------------------------------
+--------------------+-----+
|            customer|score|
+--------------------+-----+
|Angie.Jones@test.com| -3.0|
+--------------------+-----+

-------------------------------------------
Batch: 32
-------------------------------------------
+--------------------+-----+
|            customer|score|
+--------------------+-----+
|Frank.Harris@test...| -1.0|
+--------------------+-----+

-------------------------------------------
Batch: 33
-------------------------------------------
+--------------------+-----+
|            customer|score|
+--------------------+-----+
|Travis.Abram@test...| -5.5|
+--------------------+-----+

-------------------------------------------
Batch: 34
-------------------------------------------
+--------------------+-----+
|            customer|score|
+--------------------+-----+
|Danny.Aristotle@t...| -3.0|
+--------------------+-----+

-------------------------------------------
Batch: 35
-------------------------------------------
+-------------------+-----+
|           customer|score|
+-------------------+-----+
|Larry.Huey@test.com| -2.0|
+-------------------+-----+

-------------------------------------------
Batch: 36
-------------------------------------------
+--------------------+-----+
|            customer|score|
+--------------------+-----+
|Eric.Clayton@test...| -3.0|
+--------------------+-----+

-------------------------------------------
Batch: 37
-------------------------------------------
+--------------------+-----+
|            customer|score|
+--------------------+-----+
|Craig.Phillips@te...| -1.0|
+--------------------+-----+

-------------------------------------------
Batch: 38
-------------------------------------------
+--------------------+-----+
|            customer|score|
+--------------------+-----+
|David.Aristotle@t...|  9.5|
+--------------------+-----+

-------------------------------------------
Batch: 39
-------------------------------------------
+--------------------+-----+
|            customer|score|
+--------------------+-----+
|Jane.Aristotle@te...|  9.0|
+--------------------+-----+

-------------------------------------------
Batch: 40
-------------------------------------------
+--------------------+-----+
|            customer|score|
+--------------------+-----+
|Bobby.Mitra@test.com|  5.5|
+--------------------+-----+

-------------------------------------------
Batch: 41
-------------------------------------------
+--------------------+-----+
|            customer|score|
+--------------------+-----+
|Bobby.Khatib@test...| -9.0|
+--------------------+-----+

-------------------------------------------
Batch: 42
-------------------------------------------
+--------------------+-----+
|            customer|score|
+--------------------+-----+
|Jacob.Doshi@test.com| 19.0|
+--------------------+-----+

-------------------------------------------
Batch: 43
-------------------------------------------
+--------------------+-----+
|            customer|score|
+--------------------+-----+
|Danny.Jones@test.com| -8.5|
+--------------------+-----+

-------------------------------------------
Batch: 44
-------------------------------------------
+--------------------+-----+
|            customer|score|
+--------------------+-----+
|Lyn.Sanchez@test.com|  2.5|
+--------------------+-----+

-------------------------------------------
Batch: 45
-------------------------------------------
+--------------------+-----+
|            customer|score|
+--------------------+-----+
|Christina.Fibonna...| -7.5|
+--------------------+-----+

-------------------------------------------
Batch: 46
-------------------------------------------
+--------------------+-----+
|            customer|score|
+--------------------+-----+
|Trevor.Harris@tes...|  3.0|
+--------------------+-----+

-------------------------------------------
Batch: 47
-------------------------------------------
+--------------------+-----+
|            customer|score|
+--------------------+-----+
|Angie.Fibonnaci@t...|-16.5|
+--------------------+-----+

-------------------------------------------
Batch: 48
-------------------------------------------
+--------------------+-----+
|            customer|score|
+--------------------+-----+
|Spencer.Aristotle...|-34.5|
+--------------------+-----+

-------------------------------------------
Batch: 49
-------------------------------------------
+------------------+-----+
|          customer|score|
+------------------+-----+
|Dan.Olson@test.com| 18.5|
+------------------+-----+

-------------------------------------------
Batch: 50
-------------------------------------------
+--------------------+-----+
|            customer|score|
+--------------------+-----+
|Trevor.Mitra@test...|-12.5|
+--------------------+-----+

-------------------------------------------
Batch: 51
-------------------------------------------
+--------------------+-----+
|            customer|score|
+--------------------+-----+
|Spencer.Phillips@...| -1.0|
+--------------------+-----+

-------------------------------------------
Batch: 52
-------------------------------------------
+--------------------+-----+
|            customer|score|
+--------------------+-----+
|Ashley.Aristotle@...| -1.5|
+--------------------+-----+

-------------------------------------------
Batch: 53
-------------------------------------------
+-------------------+-----+
|           customer|score|
+-------------------+-----+
|Jane.Olson@test.com| -1.0|
+-------------------+-----+

-------------------------------------------
Batch: 54
-------------------------------------------
+--------------------+-----+
|            customer|score|
+--------------------+-----+
|Sarah.Doshi@test.com| -5.0|
+--------------------+-----+

-------------------------------------------
Batch: 55
-------------------------------------------
+--------------------+-----+
|            customer|score|
+--------------------+-----+
|Larry.Smith@test.com| -1.0|
+--------------------+-----+

-------------------------------------------
Batch: 56
-------------------------------------------
+--------------------+-----+
|            customer|score|
+--------------------+-----+
|Angie.Jones@test.com| -4.5|
+--------------------+-----+

-------------------------------------------
Batch: 57
-------------------------------------------
+--------------------+-----+
|            customer|score|
+--------------------+-----+
|Frank.Harris@test...| -1.0|
+--------------------+-----+

-------------------------------------------
Batch: 58
-------------------------------------------
+--------------------+-----+
|            customer|score|
+--------------------+-----+
|Travis.Abram@test...| -5.0|
+--------------------+-----+

-------------------------------------------
Batch: 59
-------------------------------------------
+--------------------+-----+
|            customer|score|
+--------------------+-----+
|Danny.Aristotle@t...| -2.5|
+--------------------+-----+

-------------------------------------------
Batch: 60
-------------------------------------------
+-------------------+-----+
|           customer|score|
+-------------------+-----+
|Larry.Huey@test.com| -4.0|
+-------------------+-----+

-------------------------------------------
Batch: 61
-------------------------------------------
+--------------------+-----+
|            customer|score|
+--------------------+-----+
|Eric.Clayton@test...| -4.5|
+--------------------+-----+

-------------------------------------------
Batch: 62
-------------------------------------------
+--------------------+-----+
|            customer|score|
+--------------------+-----+
|Craig.Phillips@te...|-18.5|
+--------------------+-----+

-------------------------------------------
Batch: 63
-------------------------------------------
+--------------------+-----+
|            customer|score|
+--------------------+-----+
|David.Aristotle@t...|-10.0|
+--------------------+-----+

-------------------------------------------
Batch: 64
-------------------------------------------
+--------------------+-----+
|            customer|score|
+--------------------+-----+
|Jane.Aristotle@te...|  7.0|
+--------------------+-----+

-------------------------------------------
Batch: 65
-------------------------------------------
+--------------------+-----+
|            customer|score|
+--------------------+-----+
|Bobby.Mitra@test.com|-24.5|
+--------------------+-----+

-------------------------------------------
Batch: 66
-------------------------------------------
+--------------------+-----+
|            customer|score|
+--------------------+-----+
|Bobby.Khatib@test...| 24.0|
+--------------------+-----+

-------------------------------------------
Batch: 67
-------------------------------------------
+--------------------+-----+
|            customer|score|
+--------------------+-----+
|Jacob.Doshi@test.com| 14.5|
+--------------------+-----+

-------------------------------------------
Batch: 68
-------------------------------------------
+--------------------+-----+
|            customer|score|
+--------------------+-----+
|Danny.Jones@test.com|  6.0|
+--------------------+-----+

-------------------------------------------
Batch: 69
-------------------------------------------
+--------------------+-----+
|            customer|score|
+--------------------+-----+
|Lyn.Sanchez@test.com| -9.0|
+--------------------+-----+

-------------------------------------------
Batch: 70
-------------------------------------------
+--------------------+-----+
|            customer|score|
+--------------------+-----+
|Christina.Fibonna...| 13.5|
+--------------------+-----+

-------------------------------------------
Batch: 71
-------------------------------------------
+--------------------+-----+
|            customer|score|
+--------------------+-----+
|Trevor.Harris@tes...|  1.5|
+--------------------+-----+

-------------------------------------------
Batch: 72
-------------------------------------------
+--------------------+-----+
|            customer|score|
+--------------------+-----+
|Angie.Fibonnaci@t...|  1.0|
+--------------------+-----+

-------------------------------------------
Batch: 73
-------------------------------------------
+--------------------+-----+
|            customer|score|
+--------------------+-----+
|Spencer.Aristotle...| -6.5|
+--------------------+-----+

-------------------------------------------
Batch: 74
-------------------------------------------
+------------------+-----+
|          customer|score|
+------------------+-----+
|Dan.Olson@test.com| 21.5|
+------------------+-----+

-------------------------------------------
Batch: 75
-------------------------------------------
+--------------------+-----+
|            customer|score|
+--------------------+-----+
|Trevor.Mitra@test...| 11.5|
+--------------------+-----+

-------------------------------------------
Batch: 76
-------------------------------------------
+--------------------+-----+
|            customer|score|
+--------------------+-----+
|Spencer.Phillips@...| -1.5|
+--------------------+-----+

-------------------------------------------
Batch: 77
-------------------------------------------
+--------------------+-----+
|            customer|score|
+--------------------+-----+
|Ashley.Aristotle@...| -4.0|
+--------------------+-----+

-------------------------------------------
Batch: 78
-------------------------------------------
+-------------------+-----+
|           customer|score|
+-------------------+-----+
|Jane.Olson@test.com| -2.0|
+-------------------+-----+

-------------------------------------------
Batch: 79
-------------------------------------------
+--------------------+-----+
|            customer|score|
+--------------------+-----+
|Sarah.Doshi@test.com| -5.0|
+--------------------+-----+

-------------------------------------------
Batch: 80
-------------------------------------------
+--------------------+-----+
|            customer|score|
+--------------------+-----+
|Larry.Smith@test.com| -2.0|
+--------------------+-----+

-------------------------------------------
Batch: 81
-------------------------------------------
+--------------------+-----+
|            customer|score|
+--------------------+-----+
|Angie.Jones@test.com| -5.5|
+--------------------+-----+

-------------------------------------------
Batch: 82
-------------------------------------------
+--------------------+-----+
|            customer|score|
+--------------------+-----+
|Frank.Harris@test...| -2.0|
+--------------------+-----+

-------------------------------------------
Batch: 83
-------------------------------------------
+--------------------+-----+
|            customer|score|
+--------------------+-----+
|Travis.Abram@test...| -2.5|
+--------------------+-----+

-------------------------------------------
Batch: 84
-------------------------------------------
+--------------------+-----+
|            customer|score|
+--------------------+-----+
|Danny.Aristotle@t...| -3.0|
+--------------------+-----+

-------------------------------------------
Batch: 85
-------------------------------------------
+-------------------+-----+
|           customer|score|
+-------------------+-----+
|Larry.Huey@test.com| -3.5|
+-------------------+-----+

-------------------------------------------
Batch: 86
-------------------------------------------
+--------------------+-----+
|            customer|score|
+--------------------+-----+
|Eric.Clayton@test...| -5.0|
+--------------------+-----+

-------------------------------------------
Batch: 87
-------------------------------------------
+--------------------+-----+
|            customer|score|
+--------------------+-----+
|Craig.Phillips@te...|  6.5|
+--------------------+-----+

-------------------------------------------
Batch: 88
-------------------------------------------
+--------------------+-----+
|            customer|score|
+--------------------+-----+
|David.Aristotle@t...|-13.5|
+--------------------+-----+

-------------------------------------------
Batch: 89
-------------------------------------------
+--------------------+-----+
|            customer|score|
+--------------------+-----+
|Jane.Aristotle@te...| -3.0|
+--------------------+-----+

-------------------------------------------
Batch: 90
-------------------------------------------
+--------------------+-----+
|            customer|score|
+--------------------+-----+
|Bobby.Mitra@test.com|  5.5|
+--------------------+-----+

-------------------------------------------
Batch: 91
-------------------------------------------
+--------------------+-----+
|            customer|score|
+--------------------+-----+
|Bobby.Khatib@test...| 35.5|
+--------------------+-----+

-------------------------------------------
Batch: 92
-------------------------------------------
+--------------------+-----+
|            customer|score|
+--------------------+-----+
|Jacob.Doshi@test.com| 11.5|
+--------------------+-----+

-------------------------------------------
Batch: 93
-------------------------------------------
+--------------------+-----+
|            customer|score|
+--------------------+-----+
|Danny.Jones@test.com| 11.5|
+--------------------+-----+

-------------------------------------------
Batch: 94
-------------------------------------------
+--------------------+-----+
|            customer|score|
+--------------------+-----+
|Lyn.Sanchez@test.com| -7.5|
+--------------------+-----+

-------------------------------------------
Batch: 95
-------------------------------------------
+--------------------+-----+
|            customer|score|
+--------------------+-----+
|Christina.Fibonna...|  8.5|
+--------------------+-----+

-------------------------------------------
Batch: 96
-------------------------------------------
+--------------------+-----+
|            customer|score|
+--------------------+-----+
|Trevor.Harris@tes...|-26.0|
+--------------------+-----+

-------------------------------------------
Batch: 97
-------------------------------------------
+--------------------+-----+
|            customer|score|
+--------------------+-----+
|Angie.Fibonnaci@t...|-11.5|
+--------------------+-----+

-------------------------------------------
Batch: 98
-------------------------------------------
+--------------------+-----+
|            customer|score|
+--------------------+-----+
|Spencer.Aristotle...| 37.5|
+--------------------+-----+

-------------------------------------------
Batch: 99
-------------------------------------------
+------------------+-----+
|          customer|score|
+------------------+-----+
|Dan.Olson@test.com|  6.0|
+------------------+-----+

-------------------------------------------
Batch: 100
-------------------------------------------
+--------------------+-----+
|            customer|score|
+--------------------+-----+
|Trevor.Mitra@test...|-10.0|
+--------------------+-----+

-------------------------------------------
Batch: 101
-------------------------------------------
+--------------------+-----+
|            customer|score|
+--------------------+-----+
|Spencer.Phillips@...| -2.5|
+--------------------+-----+

-------------------------------------------
Batch: 102
-------------------------------------------
+--------------------+-----+
|            customer|score|
+--------------------+-----+
|Ashley.Aristotle@...| -4.0|
+--------------------+-----+

-------------------------------------------
Batch: 103
-------------------------------------------
+-------------------+-----+
|           customer|score|
+-------------------+-----+
|Jane.Olson@test.com| -1.5|
+-------------------+-----+

-------------------------------------------
Batch: 104
-------------------------------------------
+--------------------+-----+
|            customer|score|
+--------------------+-----+
|Sarah.Doshi@test.com| -4.5|
+--------------------+-----+

-------------------------------------------
Batch: 105
-------------------------------------------
+--------------------+-----+
|            customer|score|
+--------------------+-----+
|Larry.Smith@test.com| -3.0|
+--------------------+-----+

-------------------------------------------
Batch: 106
-------------------------------------------
+--------------------+-----+
|            customer|score|
+--------------------+-----+
|Angie.Jones@test.com| -3.5|
+--------------------+-----+

-------------------------------------------
Batch: 107
-------------------------------------------
+--------------------+-----+
|            customer|score|
+--------------------+-----+
|Frank.Harris@test...| -3.0|
+--------------------+-----+

-------------------------------------------
Batch: 108
-------------------------------------------
+--------------------+-----+
|            customer|score|
+--------------------+-----+
|Travis.Abram@test...| -2.0|
+--------------------+-----+

-------------------------------------------
Batch: 109
-------------------------------------------
+--------------------+-----+
|            customer|score|
+--------------------+-----+
|Danny.Aristotle@t...| -2.5|
+--------------------+-----+

-------------------------------------------
Batch: 110
-------------------------------------------
+-------------------+-----+
|           customer|score|
+-------------------+-----+
|Larry.Huey@test.com| -1.0|
+-------------------+-----+

-------------------------------------------
Batch: 111
-------------------------------------------
+--------------------+-----+
|            customer|score|
+--------------------+-----+
|Eric.Clayton@test...| -3.5|
+--------------------+-----+

-------------------------------------------
Batch: 112
-------------------------------------------
+--------------------+-----+
|            customer|score|
+--------------------+-----+
|Craig.Phillips@te...| 42.5|
+--------------------+-----+

-------------------------------------------
Batch: 113
-------------------------------------------
+--------------------+-----+
|            customer|score|
+--------------------+-----+
|David.Aristotle@t...|-13.0|
+--------------------+-----+

-------------------------------------------
Batch: 114
-------------------------------------------
+--------------------+-----+
|            customer|score|
+--------------------+-----+
|Jane.Aristotle@te...| -8.5|
+--------------------+-----+

-------------------------------------------
Batch: 115
-------------------------------------------
+--------------------+-----+
|            customer|score|
+--------------------+-----+
|Bobby.Mitra@test.com| 14.0|
+--------------------+-----+

-------------------------------------------
Batch: 116
-------------------------------------------
+--------------------+-----+
|            customer|score|
+--------------------+-----+
|Bobby.Khatib@test...| -3.0|
+--------------------+-----+

-------------------------------------------
Batch: 117
-------------------------------------------
+--------------------+-----+
|            customer|score|
+--------------------+-----+
|Jacob.Doshi@test.com|-15.5|
+--------------------+-----+

-------------------------------------------
Batch: 118
-------------------------------------------
+--------------------+-----+
|            customer|score|
+--------------------+-----+
|Danny.Jones@test.com|  2.0|
+--------------------+-----+

-------------------------------------------
Batch: 119
-------------------------------------------
+--------------------+-----+
|            customer|score|
+--------------------+-----+
|Lyn.Sanchez@test.com|  9.0|
+--------------------+-----+

-------------------------------------------
Batch: 120
-------------------------------------------
+--------------------+-----+
|            customer|score|
+--------------------+-----+
|Christina.Fibonna...| -6.5|
+--------------------+-----+

-------------------------------------------
Batch: 121
-------------------------------------------
+--------------------+-----+
|            customer|score|
+--------------------+-----+
|Trevor.Harris@tes...|-28.5|
+--------------------+-----+

-------------------------------------------
Batch: 122
-------------------------------------------
+--------------------+-----+
|            customer|score|
+--------------------+-----+
|Angie.Fibonnaci@t...|-27.5|
+--------------------+-----+

-------------------------------------------
Batch: 123
-------------------------------------------
+--------------------+-----+
|            customer|score|
+--------------------+-----+
|Spencer.Aristotle...|  2.5|
+--------------------+-----+

-------------------------------------------
Batch: 124
-------------------------------------------
+------------------+-----+
|          customer|score|
+------------------+-----+
|Dan.Olson@test.com| 16.0|
+------------------+-----+

-------------------------------------------
Batch: 125
-------------------------------------------
+--------------------+-----+
|            customer|score|
+--------------------+-----+
|Trevor.Mitra@test...| -8.0|
+--------------------+-----+

