Spark Command: /usr/lib/jvm/java-8-openjdk-amd64/jre/bin/java -cp /opt/spark-2.3.4-bin-hadoop2.7/conf/:/opt/spark-2.3.4-bin-hadoop2.7/jars/* -Xmx1g org.apache.spark.deploy.master.Master --host 23880f7f51fe --port 7077 --webui-port 8080
========================================
2021-06-05 00:40:27 INFO  Master:2612 - Started daemon with process name: 1631@23880f7f51fe
2021-06-05 00:40:27 INFO  SignalUtils:54 - Registered signal handler for TERM
2021-06-05 00:40:27 INFO  SignalUtils:54 - Registered signal handler for HUP
2021-06-05 00:40:27 INFO  SignalUtils:54 - Registered signal handler for INT
2021-06-05 00:40:29 WARN  NativeCodeLoader:62 - Unable to load native-hadoop library for your platform... using builtin-java classes where applicable
2021-06-05 00:40:29 INFO  SecurityManager:54 - Changing view acls to: root
2021-06-05 00:40:29 INFO  SecurityManager:54 - Changing modify acls to: root
2021-06-05 00:40:29 INFO  SecurityManager:54 - Changing view acls groups to: 
2021-06-05 00:40:29 INFO  SecurityManager:54 - Changing modify acls groups to: 
2021-06-05 00:40:29 INFO  SecurityManager:54 - SecurityManager: authentication disabled; ui acls disabled; users  with view permissions: Set(root); groups with view permissions: Set(); users  with modify permissions: Set(root); groups with modify permissions: Set()
2021-06-05 00:40:30 INFO  Utils:54 - Successfully started service 'sparkMaster' on port 7077.
2021-06-05 00:40:31 INFO  Master:54 - Starting Spark master at spark://23880f7f51fe:7077
2021-06-05 00:40:31 INFO  Master:54 - Running Spark version 2.3.4
2021-06-05 00:40:31 INFO  log:192 - Logging initialized @7845ms
2021-06-05 00:40:32 INFO  Server:351 - jetty-9.3.z-SNAPSHOT, build timestamp: unknown, git hash: unknown
2021-06-05 00:40:32 INFO  Server:419 - Started @8294ms
2021-06-05 00:40:32 INFO  AbstractConnector:278 - Started ServerConnector@61174894{HTTP/1.1,[http/1.1]}{0.0.0.0:8080}
2021-06-05 00:40:32 INFO  Utils:54 - Successfully started service 'MasterUI' on port 8080.
2021-06-05 00:40:32 INFO  ContextHandler:781 - Started o.s.j.s.ServletContextHandler@332194d3{/app,null,AVAILABLE,@Spark}
2021-06-05 00:40:32 INFO  ContextHandler:781 - Started o.s.j.s.ServletContextHandler@229ed86a{/app/json,null,AVAILABLE,@Spark}
2021-06-05 00:40:32 INFO  ContextHandler:781 - Started o.s.j.s.ServletContextHandler@6fb852ec{/,null,AVAILABLE,@Spark}
2021-06-05 00:40:32 INFO  ContextHandler:781 - Started o.s.j.s.ServletContextHandler@649e4d0{/json,null,AVAILABLE,@Spark}
2021-06-05 00:40:32 INFO  ContextHandler:781 - Started o.s.j.s.ServletContextHandler@524031fb{/static,null,AVAILABLE,@Spark}
2021-06-05 00:40:32 INFO  ContextHandler:781 - Started o.s.j.s.ServletContextHandler@5e31fb49{/app/kill,null,AVAILABLE,@Spark}
2021-06-05 00:40:32 INFO  ContextHandler:781 - Started o.s.j.s.ServletContextHandler@1cc6683b{/driver/kill,null,AVAILABLE,@Spark}
2021-06-05 00:40:32 INFO  MasterWebUI:54 - Bound MasterWebUI to 0.0.0.0, and started at http://23880f7f51fe:8080
2021-06-05 00:40:32 INFO  Server:351 - jetty-9.3.z-SNAPSHOT, build timestamp: unknown, git hash: unknown
2021-06-05 00:40:32 INFO  ContextHandler:781 - Started o.s.j.s.ServletContextHandler@1da920e8{/,null,AVAILABLE}
2021-06-05 00:40:32 INFO  AbstractConnector:278 - Started ServerConnector@55310a09{HTTP/1.1,[http/1.1]}{23880f7f51fe:6066}
2021-06-05 00:40:32 INFO  Server:419 - Started @8959ms
2021-06-05 00:40:32 INFO  Utils:54 - Successfully started service on port 6066.
2021-06-05 00:40:32 INFO  StandaloneRestServer:54 - Started REST server for submitting applications on port 6066
2021-06-05 00:40:33 INFO  ContextHandler:781 - Started o.s.j.s.ServletContextHandler@3f326de2{/metrics/master/json,null,AVAILABLE,@Spark}
2021-06-05 00:40:33 INFO  ContextHandler:781 - Started o.s.j.s.ServletContextHandler@6f07b589{/metrics/applications/json,null,AVAILABLE,@Spark}
2021-06-05 00:40:33 INFO  Master:54 - I have been elected leader! New state: ALIVE
2021-06-05 00:51:56 INFO  Master:54 - Registering worker 172.18.0.2:44561 with 2 cores, 6.3 GB RAM
